SIMAN Run Controller.

533.14552 Hours>
                                      ARENA Simulation Results
                                     LykiFyar - License: STUDENT

                                  Summary for Replication 1 of 1

Project: Unnamed Project                                             Run execution date :11/ 5/2020
Analyst: LykiFyar                                                    Model revision date:11/ 5/2020

Replication ended at time      : 533.14552 Hours 
Base Time Units: Hours

                                           TALLY VARIABLES

Identifier                                  Average   Half Width  Minimum    Maximum   Observations
___________________________________________________________________________________________________

cliente.VATime                              .86456     .05716     .01964     4.3855        654    
cliente.NVATime                             .00000     .00000     .00000     .00000        654    
cliente.WaitTime                            5.6951     (Corr)     .04410     44.416        654    
cliente.TranTime                            .00000     .00000     .00000     .00000        654    
cliente.OtherTime                           .00000     .00000     .00000     .00000        654    
cliente.TotalTime                           2.2561     (Corr)     .04410     16.464        654    
junta computadores do cliente.Queue.Waitin  .56794     .12771     .00000     9.7257       1103    
Aguarda notificacao.Queue.WaitingTime       2.2600     (Corr)     .04410     16.464        655    
arranjar artigos.Queue.WaitingTime          .97284     .28016     .00000     5.1102       1565    
levanta computadores na loja.Queue1.Waitin  .00000     .00000     .00000     .00000        655    
levanta computadores na loja.Queue2.Waitin  .00000     .00000     .00000     .00000        655    
teste.Queue.WaitingTime                     .08209     .02468     .00000     .98686       1564    

                                     DISCRETE-CHANGE VARIABLES

Identifier                                  Average   Half Width  Minimum    Maximum   Final Value
___________________________________________________________________________________________________

cliente.WIP                                 8.2220     1.9257     .00000     41.000     33.000    
recs_teste.NumberBusy                       .34449     .03265     .00000     1.0000     .00000    
recs_teste.NumberScheduled                  1.0000     (Insuf)    1.0000     1.0000     1.0000    
recs_teste.Utilization                      .34449     .03265     .00000     1.0000     .00000    
recs_arranjo.NumberBusy                     .72258     .05997     .00000     1.0000     1.0000    
recs_arranjo.NumberScheduled                1.0000     (Insuf)    1.0000     1.0000     1.0000    
recs_arranjo.Utilization                    .72258     .05997     .00000     1.0000     1.0000    
junta computadores do cliente.Queue.Number  1.1807     .34107     .00000     11.000     2.0000    
Aguarda notificacao.Queue.NumberInQueue     2.8364     .64108     .00000     13.000     11.000    
arranjar artigos.Queue.NumberInQueue        2.8970     .89736     .00000     17.000     16.000    
levanta computadores na loja.Queue1.Number  .00000     (Insuf)    .00000     1.0000     .00000    
levanta computadores na loja.Queue2.Number  .00000     (Insuf)    .00000     1.0000     .00000    
teste.Queue.NumberInQueue                   .24082     .07976     .00000     10.000     .00000    

                                             OUTPUTS

Identifier                                   Value
_____________________________________________________________

cliente.NumberIn                            3097.0    
cliente.NumberOut                           3064.0    
recs_teste.NumberSeized                     1564.0    
recs_teste.ScheduledUtilization             .34449    
recs_arranjo.NumberSeized                   1565.0    
recs_arranjo.ScheduledUtilization           .72258    
System.NumberOut                            654.00    


Simulation run time: 13.28 minutes.
Simulation run complete.
