SIMAN Run Controller.

164.72674 Hours>
                                      ARENA Simulation Results
                                     LykiFyar - License: STUDENT

                                  Summary for Replication 1 of 1

Project: Unnamed Project                                             Run execution date :10/30/2020
Analyst: LykiFyar                                                    Model revision date:10/30/2020

Replication ended at time      : 164.72674 Hours 
Base Time Units: Hours

                                           TALLY VARIABLES

Identifier                                  Average   Half Width  Minimum    Maximum   Observations
___________________________________________________________________________________________________

Entity 1.VATime                             .00000     (Insuf)    .00000     .00000        231    
Entity 1.NVATime                            .00000     (Insuf)    .00000     .00000        231    
Entity 1.WaitTime                           .00000     (Insuf)    .00000     .00000        231    
Entity 1.TranTime                           3.9480     (Insuf)    .18333     28.685        231    
Entity 1.OtherTime                          .31055     (Insuf)    .01838     2.1347        231    
Entity 1.TotalTime                          4.2586     (Insuf)    .22501     30.819        231    

                                     DISCRETE-CHANGE VARIABLES

Identifier                                  Average   Half Width  Minimum    Maximum   Final Value
___________________________________________________________________________________________________

Entity 1.WIP                                6.0714     .93174     .00000     16.000     10.000    

                                             OUTPUTS

Identifier                                   Value
_____________________________________________________________

Entity 1.NumberIn                           241.00    
Entity 1.NumberOut                          231.00    
System.NumberOut                            231.00    


Simulation run time: 0.30 minutes.
Simulation run complete.
