SIMAN Run Controller.

0.5458384 Hours>
                                      ARENA Simulation Results
                                     LykiFyar - License: STUDENT

                                  Summary for Replication 1 of 1

Project: Unnamed Project                                             Run execution date :10/30/2020
Analyst: LykiFyar                                                    Model revision date:10/30/2020

Replication ended at time      : 0.5458384 Hours 
Base Time Units: Hours

                                           TALLY VARIABLES

Identifier                                  Average   Half Width  Minimum    Maximum   Observations
___________________________________________________________________________________________________

Entity 1.VATime                             .24077     (Insuf)    .24077     .24077          1    
Entity 1.NVATime                            .00000     (Insuf)    .00000     .00000          1    
Entity 1.WaitTime                           .00000     (Insuf)    .00000     .00000          1    
Entity 1.TranTime                           .08333     (Insuf)    .08333     .08333          1    
Entity 1.OtherTime                          .00000     (Insuf)    .00000     .00000          1    
Entity 1.TotalTime                          .32411     (Insuf)    .32411     .32411          1    
robo inicia trabalho na peça.Queue.Waiting  .07552     (Insuf)    .00000     .15103          2    
inspeçao.Queue.WaitingTime                  .00000     (Insuf)    .00000     .00000          1    
aceder ao tapete.Queue.WaitingTime          .00000     (Insuf)    .00000     .00000          1    

                                     DISCRETE-CHANGE VARIABLES

Identifier                                  Average   Half Width  Minimum    Maximum   Final Value
___________________________________________________________________________________________________

Entity 1.WIP                                2.0330     (Insuf)    .00000     3.0000     3.0000    
robot_inspetor.NumberBusy                   .02048     (Insuf)    .00000     1.0000     .00000    
robot_inspetor.NumberScheduled              1.0000     (Insuf)    1.0000     1.0000     1.0000    
robot_inspetor.Utilization                  .02048     (Insuf)    .00000     1.0000     .00000    
robot.NumberBusy                            1.0000     (Insuf)    .00000     1.0000     1.0000    
robot.NumberScheduled                       1.0000     (Insuf)    1.0000     1.0000     1.0000    
robot.Utilization                           1.0000     (Insuf)    .00000     1.0000     1.0000    
robo inicia trabalho na peça.Queue.NumberI  1.0330     (Insuf)    .00000     2.0000     2.0000    
inspeçao.Queue.NumberInQueue                .00000     (Insuf)    .00000     .00000     .00000    
aceder ao tapete.Queue.NumberInQueue        .00000     (Insuf)    .00000     1.0000     .00000    

                                             OUTPUTS

Identifier                                   Value
_____________________________________________________________

Entity 1.NumberIn                           4.0000    
Entity 1.NumberOut                          1.0000    
robot_inspetor.NumberSeized                 1.0000    
robot_inspetor.ScheduledUtilization         .02048    
robot.NumberSeized                          2.0000    
robot.ScheduledUtilization                  1.0000    
System.NumberOut                            1.0000    


Simulation run time: 0.12 minutes.
Simulation run complete.
